[Rank 0] k_value: 7
[Rank 1] k_value: 7
[Rank 2] k_value: 7
[Rank 3] k_value: 7
[Rank 4] k_value: 7
[Rank 5] k_value: 7
[Rank 6] k_value: 8
[Rank 7] k_value: 8
[Rank 8] k_value: 8
[Rank 9] k_value: 8
[Rank 10] k_value: 8
[Rank 11] k_value: 8
[Rank 12] k_value: 8
[Rank 13] k_value: 8
[Rank 14] k_value: 8
[Rank 15] k_value: 8
[Rank 16] k_value: 8
[Rank 17] k_value: 8
[Rank 18] k_value: 8
[Rank 19] k_value: 8
[Rank 20] k_value: 8
[Rank 21] k_value: 8
[Rank 22] k_value: 8
[Rank 23] k_value: 8
[Rank 24] k_value: 8
[Rank 25] k_value: 8
[Rank 26] k_value: 8
[Rank 27] k_value: 8
[Rank 28] k_value: 8
[Rank 29] k_value: 8
[Rank 30] k_value: 12
[Rank 31] k_value: 12
[Rank 32] k_value: 12
[Rank 33] k_value: 12
[Rank 34] k_value: 12
[Rank 35] k_value: 12
[Rank 36] k_value: 14
[Rank 37] k_value: 14
[Rank 38] k_value: 14
[Rank 39] k_value: 14
[Rank 40] k_value: 14
[Rank 41] k_value: 14
[Rank 42] k_value: 14
[Rank 43] k_value: 14
[Rank 44] k_value: 14
[Rank 45] k_value: 14
[Rank 46] k_value: 14
[Rank 47] k_value: 14
[Rank 48] k_value: 14
[Rank 49] k_value: 14
[Rank 50] k_value: 14
[Rank 51] k_value: 14
[Rank 52] k_value: 14
[Rank 53] k_value: 14
[Rank 54] k_value: 14
[Rank 55] k_value: 14
[Rank 56] k_value: 14
[Rank 57] k_value: 14
[Rank 58] k_value: 14
[Rank 59] k_value: 14
[Rank 60] k_value: 14
[Rank 61] k_value: 14
[Rank 62] k_value: 14
[Rank 63] k_value: 14
[Rank 64] k_value: 14
[Rank 65] k_value: 14
[Rank 66] k_value: 14
[Rank 67] k_value: 14
[Rank 68] k_value: 14
[Rank 69] k_value: 14
[Rank 70] k_value: 14
[Rank 71] k_value: 14
[Rank 72] k_value: 14
[Rank 73] k_value: 14
[Rank 74] k_value: 14
[Rank 75] k_value: 14
[Rank 76] k_value: 14
[Rank 77] k_value: 14
[Rank 78] k_value: 14
[Rank 79] k_value: 14
[Rank 80] k_value: 14
[Rank 81] k_value: 14
[Rank 82] k_value: 14
[Rank 83] k_value: 14
[Rank 84] k_value: 14
[Rank 85] k_value: 14
[Rank 86] k_value: 14
[Rank 87] k_value: 14
[Rank 88] k_value: 14
[Rank 89] k_value: 14
[Rank 90] k_value: 13
[Rank 91] k_value: 13
[Rank 92] k_value: 13
[Rank 93] k_value: 13
[Rank 94] k_value: 13
[Rank 95] k_value: 13
[Rank 96] k_value: 13
[Rank 97] k_value: 13
[Rank 98] k_value: 13
[Rank 99] k_value: 13
[Rank 100] k_value: 13
[Rank 101] k_value: 13
[Rank 102] k_value: 14
[Rank 103] k_value: 14
[Rank 104] k_value: 14
[Rank 105] k_value: 14
[Rank 106] k_value: 14
[Rank 107] k_value: 14
[Rank 108] k_value: 14
[Rank 109] k_value: 14
[Rank 110] k_value: 14
[Rank 111] k_value: 14
[Rank 112] k_value: 14
[Rank 113] k_value: 14
[Rank 114] k_value: 14
[Rank 115] k_value: 14
[Rank 116] k_value: 14
[Rank 117] k_value: 14
[Rank 118] k_value: 14
[Rank 119] k_value: 14
[Rank 120] k_value: 14
[Rank 121] k_value: 14
[Rank 122] k_value: 14
[Rank 123] k_value: 14
[Rank 124] k_value: 14
[Rank 125] k_value: 14
[Rank 126] k_value: 14
[Rank 127] k_value: 14
[Rank 128] k_value: 14
[Rank 129] k_value: 14
[Rank 130] k_value: 14
[Rank 131] k_value: 14
[Rank 132] k_value: 14
[Rank 133] k_value: 14
[Rank 134] k_value: 14
[Rank 135] k_value: 14
[Rank 136] k_value: 14
[Rank 137] k_value: 14
[Rank 138] k_value: 14
[Rank 139] k_value: 14
[Rank 140] k_value: 14
[Rank 141] k_value: 14
[Rank 142] k_value: 14
[Rank 143] k_value: 14
[Rank 144] k_value: 14
[Rank 145] k_value: 14
[Rank 146] k_value: 14
[Rank 147] k_value: 14
[Rank 148] k_value: 14
[Rank 149] k_value: 14
[Rank 150] k_value: 14
[Rank 151] k_value: 14
[Rank 152] k_value: 14
[Rank 153] k_value: 14
[Rank 154] k_value: 14
[Rank 155] k_value: 14
[Rank 156] k_value: 14
[Rank 157] k_value: 14
[Rank 158] k_value: 14
[Rank 159] k_value: 14
[Rank 160] k_value: 14
[Rank 161] k_value: 14
[Rank 162] k_value: 14
[Rank 163] k_value: 14
[Rank 164] k_value: 14
[Rank 165] k_value: 14
[Rank 166] k_value: 14
[Rank 167] k_value: 14
[Rank 168] k_value: 14
[Rank 169] k_value: 14
[Rank 170] k_value: 14
[Rank 171] k_value: 14
[Rank 172] k_value: 14
[Rank 173] k_value: 14
[Rank 174] k_value: 14
[Rank 175] k_value: 14
[Rank 176] k_value: 14
[Rank 177] k_value: 14
[Rank 178] k_value: 14
[Rank 179] k_value: 14
[Rank 180] k_value: 14
[Rank 181] k_value: 14
[Rank 182] k_value: 14
[Rank 183] k_value: 14
[Rank 184] k_value: 14
[Rank 185] k_value: 14
[Rank 186] k_value: 13
[Rank 187] k_value: 13
[Rank 188] k_value: 13
[Rank 189] k_value: 13
[Rank 190] k_value: 13
[Rank 191] k_value: 13
[Rank 192] k_value: 13
[Rank 193] k_value: 13
[Rank 194] k_value: 13
[Rank 195] k_value: 13
[Rank 196] k_value: 13
[Rank 197] k_value: 13
[Rank 198] k_value: 14
[Rank 199] k_value: 14
[Rank 200] k_value: 14
[Rank 201] k_value: 14
[Rank 202] k_value: 14
[Rank 203] k_value: 14
[Rank 204] k_value: 14
[Rank 205] k_value: 14
[Rank 206] k_value: 14
[Rank 207] k_value: 14
[Rank 208] k_value: 14
[Rank 209] k_value: 14
[Rank 210] k_value: 14
[Rank 211] k_value: 14
[Rank 212] k_value: 14
[Rank 213] k_value: 14
[Rank 214] k_value: 14
[Rank 215] k_value: 14
[Rank 216] k_value: 14
[Rank 217] k_value: 14
[Rank 218] k_value: 14
[Rank 219] k_value: 14
[Rank 220] k_value: 14
[Rank 221] k_value: 14
[Rank 222] k_value: 14
[Rank 223] k_value: 14
[Rank 224] k_value: 14
[Rank 225] k_value: 14
[Rank 226] k_value: 14
[Rank 227] k_value: 14
[Rank 228] k_value: 14
[Rank 229] k_value: 14
[Rank 230] k_value: 14
[Rank 231] k_value: 14
[Rank 232] k_value: 14
[Rank 233] k_value: 14
[Rank 234] k_value: 14
[Rank 235] k_value: 14
[Rank 236] k_value: 14
[Rank 237] k_value: 14
[Rank 238] k_value: 14
[Rank 239] k_value: 14
[Rank 240] k_value: 14
[Rank 241] k_value: 14
[Rank 242] k_value: 14
[Rank 243] k_value: 14
[Rank 244] k_value: 14
[Rank 245] k_value: 14
[Rank 246] k_value: 14
[Rank 247] k_value: 14
[Rank 248] k_value: 14
[Rank 249] k_value: 14
[Rank 250] k_value: 14
[Rank 251] k_value: 14
[Rank 252] k_value: 14
[Rank 253] k_value: 14
[Rank 254] k_value: 14
[Rank 255] k_value: 14
[Rank 256] k_value: 14
[Rank 257] k_value: 14
[Rank 258] k_value: 14
[Rank 259] k_value: 14
[Rank 260] k_value: 14
[Rank 261] k_value: 14
[Rank 262] k_value: 14
[Rank 263] k_value: 14
[Rank 264] k_value: 14
[Rank 265] k_value: 14
[Rank 266] k_value: 14
[Rank 267] k_value: 14
[Rank 268] k_value: 14
[Rank 269] k_value: 14
[Rank 270] k_value: 14
[Rank 271] k_value: 14
[Rank 272] k_value: 14
[Rank 273] k_value: 14
[Rank 274] k_value: 14
[Rank 275] k_value: 14
[Rank 276] k_value: 14
[Rank 277] k_value: 14
[Rank 278] k_value: 14
[Rank 279] k_value: 14
[Rank 280] k_value: 14
[Rank 281] k_value: 14
[Rank 282] k_value: 13
[Rank 283] k_value: 13
[Rank 284] k_value: 13
[Rank 285] k_value: 13
[Rank 286] k_value: 13
[Rank 287] k_value: 13
[Rank 288] k_value: 13
[Rank 289] k_value: 13
[Rank 290] k_value: 13
[Rank 291] k_value: 13
[Rank 292] k_value: 13
[Rank 293] k_value: 13
[Rank 294] k_value: 14
[Rank 295] k_value: 14
[Rank 296] k_value: 14
[Rank 297] k_value: 14
[Rank 298] k_value: 14
[Rank 299] k_value: 14
[Rank 300] k_value: 14
[Rank 301] k_value: 14
[Rank 302] k_value: 14
[Rank 303] k_value: 14
[Rank 304] k_value: 14
[Rank 305] k_value: 14
[Rank 306] k_value: 14
[Rank 307] k_value: 14
[Rank 308] k_value: 14
[Rank 309] k_value: 14
[Rank 310] k_value: 14
[Rank 311] k_value: 14
[Rank 312] k_value: 14
[Rank 313] k_value: 14
[Rank 314] k_value: 14
[Rank 315] k_value: 14
[Rank 316] k_value: 14
[Rank 317] k_value: 14
[Rank 318] k_value: 14
[Rank 319] k_value: 14
[Rank 320] k_value: 14
[Rank 321] k_value: 14
[Rank 322] k_value: 14
[Rank 323] k_value: 14
[Rank 324] k_value: 14
[Rank 325] k_value: 14
[Rank 326] k_value: 14
[Rank 327] k_value: 14
[Rank 328] k_value: 14
[Rank 329] k_value: 14
[Rank 330] k_value: 14
[Rank 331] k_value: 14
[Rank 332] k_value: 14
[Rank 333] k_value: 14
[Rank 334] k_value: 14
[Rank 335] k_value: 14
[Rank 336] k_value: 14
[Rank 337] k_value: 14
[Rank 338] k_value: 14
[Rank 339] k_value: 14
[Rank 340] k_value: 14
[Rank 341] k_value: 14
[Rank 342] k_value: 14
[Rank 343] k_value: 14
[Rank 344] k_value: 14
[Rank 345] k_value: 14
[Rank 346] k_value: 14
[Rank 347] k_value: 14
[Rank 348] k_value: 14
[Rank 349] k_value: 14
[Rank 350] k_value: 14
[Rank 351] k_value: 14
[Rank 352] k_value: 14
[Rank 353] k_value: 14
[Rank 354] k_value: 14
[Rank 355] k_value: 14
[Rank 356] k_value: 14
[Rank 357] k_value: 14
[Rank 358] k_value: 14
[Rank 359] k_value: 14
[Rank 360] k_value: 14
[Rank 361] k_value: 14
[Rank 362] k_value: 14
[Rank 363] k_value: 14
[Rank 364] k_value: 14
[Rank 365] k_value: 14
[Rank 366] k_value: 14
[Rank 367] k_value: 14
[Rank 368] k_value: 14
[Rank 369] k_value: 14
[Rank 370] k_value: 14
[Rank 371] k_value: 14
[Rank 372] k_value: 14
[Rank 373] k_value: 14
[Rank 374] k_value: 14
[Rank 375] k_value: 14
[Rank 376] k_value: 14
[Rank 377] k_value: 14
[Rank 378] k_value: 13
[Rank 379] k_value: 13
[Rank 380] k_value: 13
[Rank 381] k_value: 13
[Rank 382] k_value: 13
[Rank 383] k_value: 13
[Rank 384] k_value: 13
[Rank 385] k_value: 13
[Rank 386] k_value: 13
[Rank 387] k_value: 13
[Rank 388] k_value: 13
[Rank 389] k_value: 13
[Rank 390] k_value: 14
[Rank 391] k_value: 14
[Rank 392] k_value: 14
[Rank 393] k_value: 14
[Rank 394] k_value: 14
[Rank 395] k_value: 14
[Rank 396] k_value: 14
[Rank 397] k_value: 14
[Rank 398] k_value: 14
[Rank 399] k_value: 14
[Rank 400] k_value: 14
[Rank 401] k_value: 14
[Rank 402] k_value: 14
[Rank 403] k_value: 14
[Rank 404] k_value: 14
[Rank 405] k_value: 14
[Rank 406] k_value: 14
[Rank 407] k_value: 14
[Rank 408] k_value: 14
[Rank 409] k_value: 14
[Rank 410] k_value: 14
[Rank 411] k_value: 14
[Rank 412] k_value: 14
[Rank 413] k_value: 14
[Rank 414] k_value: 14
[Rank 415] k_value: 14
[Rank 416] k_value: 14
[Rank 417] k_value: 14
[Rank 418] k_value: 14
[Rank 419] k_value: 14
[Rank 420] k_value: 14
[Rank 421] k_value: 14
[Rank 422] k_value: 14
[Rank 423] k_value: 14
[Rank 424] k_value: 14
[Rank 425] k_value: 14
[Rank 426] k_value: 14
[Rank 427] k_value: 14
[Rank 428] k_value: 14
[Rank 429] k_value: 14
[Rank 430] k_value: 14
[Rank 431] k_value: 14
[Rank 432] k_value: 14
[Rank 433] k_value: 14
[Rank 434] k_value: 14
[Rank 435] k_value: 14
[Rank 436] k_value: 14
[Rank 437] k_value: 14
[Rank 438] k_value: 14
[Rank 439] k_value: 14
[Rank 440] k_value: 14
[Rank 441] k_value: 14
[Rank 442] k_value: 14
[Rank 443] k_value: 14
[Rank 444] k_value: 14
[Rank 445] k_value: 14
[Rank 446] k_value: 14
[Rank 447] k_value: 14
[Rank 448] k_value: 14
[Rank 449] k_value: 14
[Rank 450] k_value: 14
[Rank 451] k_value: 14
[Rank 452] k_value: 14
[Rank 453] k_value: 14
[Rank 454] k_value: 14
[Rank 455] k_value: 14
[Rank 456] k_value: 14
[Rank 457] k_value: 14
[Rank 458] k_value: 14
[Rank 459] k_value: 14
[Rank 460] k_value: 14
[Rank 461] k_value: 14
[Rank 462] k_value: 14
[Rank 463] k_value: 14
[Rank 464] k_value: 14
[Rank 465] k_value: 14
[Rank 466] k_value: 14
[Rank 467] k_value: 14
[Rank 468] k_value: 14
[Rank 469] k_value: 14
[Rank 470] k_value: 14
[Rank 471] k_value: 14
[Rank 472] k_value: 14
[Rank 473] k_value: 14
[Rank 474] k_value: 13
[Rank 475] k_value: 13
[Rank 476] k_value: 13
[Rank 477] k_value: 13
[Rank 478] k_value: 13
[Rank 479] k_value: 13
[Rank 480] k_value: 13
[Rank 481] k_value: 13
[Rank 482] k_value: 13
[Rank 483] k_value: 13
[Rank 484] k_value: 13
[Rank 485] k_value: 13
[Rank 486] k_value: 14
[Rank 487] k_value: 14
[Rank 488] k_value: 14
[Rank 489] k_value: 14
[Rank 490] k_value: 14
[Rank 491] k_value: 14
[Rank 492] k_value: 14
[Rank 493] k_value: 14
[Rank 494] k_value: 14
[Rank 495] k_value: 14
[Rank 496] k_value: 14
[Rank 497] k_value: 14
[Rank 498] k_value: 14
[Rank 499] k_value: 14
[Rank 500] k_value: 14
[Rank 501] k_value: 14
[Rank 502] k_value: 14
[Rank 503] k_value: 14
[Rank 504] k_value: 14
[Rank 505] k_value: 14
[Rank 506] k_value: 14
[Rank 507] k_value: 14
[Rank 508] k_value: 14
[Rank 509] k_value: 14
[Rank 510] k_value: 14
[Rank 511] k_value: 14
[Rank 512] k_value: 14
[Rank 513] k_value: 14
[Rank 514] k_value: 14
[Rank 515] k_value: 14
[Rank 516] k_value: 14
[Rank 517] k_value: 14
[Rank 518] k_value: 14
[Rank 519] k_value: 14
[Rank 520] k_value: 14
[Rank 521] k_value: 14
[Rank 522] k_value: 14
[Rank 523] k_value: 14
[Rank 524] k_value: 14
[Rank 525] k_value: 14
[Rank 526] k_value: 14
[Rank 527] k_value: 14
[Rank 528] k_value: 14
[Rank 529] k_value: 14
[Rank 530] k_value: 14
[Rank 531] k_value: 14
[Rank 532] k_value: 14
[Rank 533] k_value: 14
[Rank 534] k_value: 14
[Rank 535] k_value: 14
[Rank 536] k_value: 14
[Rank 537] k_value: 14
[Rank 538] k_value: 14
[Rank 539] k_value: 14
[Rank 540] k_value: 14
[Rank 541] k_value: 14
[Rank 542] k_value: 14
[Rank 543] k_value: 14
[Rank 544] k_value: 14
[Rank 545] k_value: 14
[Rank 546] k_value: 14
[Rank 547] k_value: 14
[Rank 548] k_value: 14
[Rank 549] k_value: 14
[Rank 550] k_value: 14
[Rank 551] k_value: 14
[Rank 552] k_value: 14
[Rank 553] k_value: 14
[Rank 554] k_value: 14
[Rank 555] k_value: 14
[Rank 556] k_value: 14
[Rank 557] k_value: 14
[Rank 558] k_value: 14
[Rank 559] k_value: 14
[Rank 560] k_value: 14
[Rank 561] k_value: 14
[Rank 562] k_value: 14
[Rank 563] k_value: 14
[Rank 564] k_value: 14
[Rank 565] k_value: 14
[Rank 566] k_value: 14
[Rank 567] k_value: 14
[Rank 568] k_value: 14
[Rank 569] k_value: 14
[Rank 570] k_value: 13
[Rank 571] k_value: 13
[Rank 572] k_value: 13
[Rank 573] k_value: 13
[Rank 574] k_value: 13
[Rank 575] k_value: 13
[Rank 576] k_value: 13
[Rank 577] k_value: 13
[Rank 578] k_value: 13
[Rank 579] k_value: 13
[Rank 580] k_value: 13
[Rank 581] k_value: 13
[Rank 582] k_value: 14
[Rank 583] k_value: 14
[Rank 584] k_value: 14
[Rank 585] k_value: 14
[Rank 586] k_value: 14
[Rank 587] k_value: 14
[Rank 588] k_value: 14
[Rank 589] k_value: 14
[Rank 590] k_value: 14
[Rank 591] k_value: 14
[Rank 592] k_value: 14
[Rank 593] k_value: 14
[Rank 594] k_value: 14
[Rank 595] k_value: 14
[Rank 596] k_value: 14
[Rank 597] k_value: 14
[Rank 598] k_value: 14
[Rank 599] k_value: 14
[Rank 600] k_value: 14
[Rank 601] k_value: 14
[Rank 602] k_value: 14
[Rank 603] k_value: 14
[Rank 604] k_value: 14
[Rank 605] k_value: 14
[Rank 606] k_value: 14
[Rank 607] k_value: 14
[Rank 608] k_value: 14
[Rank 609] k_value: 14
[Rank 610] k_value: 14
[Rank 611] k_value: 14
[Rank 612] k_value: 14
[Rank 613] k_value: 14
[Rank 614] k_value: 14
[Rank 615] k_value: 14
[Rank 616] k_value: 14
[Rank 617] k_value: 14
[Rank 618] k_value: 14
[Rank 619] k_value: 14
[Rank 620] k_value: 14
[Rank 621] k_value: 14
[Rank 622] k_value: 14
[Rank 623] k_value: 14
[Rank 624] k_value: 14
[Rank 625] k_value: 14
[Rank 626] k_value: 14
[Rank 627] k_value: 14
[Rank 628] k_value: 14
[Rank 629] k_value: 14
[Rank 630] k_value: 14
[Rank 631] k_value: 14
[Rank 632] k_value: 14
[Rank 633] k_value: 14
[Rank 634] k_value: 14
[Rank 635] k_value: 14
[Rank 636] k_value: 14
[Rank 637] k_value: 14
[Rank 638] k_value: 14
[Rank 639] k_value: 14
[Rank 640] k_value: 14
[Rank 641] k_value: 14
[Rank 642] k_value: 14
[Rank 643] k_value: 14
[Rank 644] k_value: 14
[Rank 645] k_value: 14
[Rank 646] k_value: 14
[Rank 647] k_value: 14
[Rank 648] k_value: 14
[Rank 649] k_value: 14
[Rank 650] k_value: 14
[Rank 651] k_value: 14
[Rank 652] k_value: 14
[Rank 653] k_value: 14
[Rank 654] k_value: 14
[Rank 655] k_value: 14
[Rank 656] k_value: 14
[Rank 657] k_value: 14
[Rank 658] k_value: 14
[Rank 659] k_value: 14
[Rank 660] k_value: 14
[Rank 661] k_value: 14
[Rank 662] k_value: 14
[Rank 663] k_value: 14
[Rank 664] k_value: 14
[Rank 665] k_value: 14
[Rank 666] k_value: 13
[Rank 667] k_value: 13
[Rank 668] k_value: 13
[Rank 669] k_value: 13
[Rank 670] k_value: 13
[Rank 671] k_value: 13
[Rank 672] k_value: 13
[Rank 673] k_value: 13
[Rank 674] k_value: 13
[Rank 675] k_value: 13
[Rank 676] k_value: 13
[Rank 677] k_value: 13
[Rank 678] k_value: 14
[Rank 679] k_value: 14
[Rank 680] k_value: 14
[Rank 681] k_value: 14
[Rank 682] k_value: 14
[Rank 683] k_value: 14
[Rank 684] k_value: 14
[Rank 685] k_value: 14
[Rank 686] k_value: 14
[Rank 687] k_value: 14
[Rank 688] k_value: 14
[Rank 689] k_value: 14
[Rank 690] k_value: 14
[Rank 691] k_value: 14
[Rank 692] k_value: 14
[Rank 693] k_value: 14
[Rank 694] k_value: 14
[Rank 695] k_value: 14
[Rank 696] k_value: 14
[Rank 697] k_value: 14
[Rank 698] k_value: 14
[Rank 699] k_value: 14
[Rank 700] k_value: 14
[Rank 701] k_value: 14
[Rank 702] k_value: 14
[Rank 703] k_value: 14
[Rank 704] k_value: 14
[Rank 705] k_value: 14
[Rank 706] k_value: 14
[Rank 707] k_value: 14
[Rank 708] k_value: 14
[Rank 709] k_value: 14
[Rank 710] k_value: 14
[Rank 711] k_value: 14
[Rank 712] k_value: 14
[Rank 713] k_value: 14
[Rank 714] k_value: 14
[Rank 715] k_value: 14
[Rank 716] k_value: 14
[Rank 717] k_value: 14
[Rank 718] k_value: 14
[Rank 719] k_value: 14
[Rank 720] k_value: 14
[Rank 721] k_value: 14
[Rank 722] k_value: 14
[Rank 723] k_value: 14
[Rank 724] k_value: 14
[Rank 725] k_value: 14
[Rank 726] k_value: 14
[Rank 727] k_value: 14
[Rank 728] k_value: 14
[Rank 729] k_value: 14
[Rank 730] k_value: 14
[Rank 731] k_value: 14
[Rank 732] k_value: 14
[Rank 733] k_value: 14
[Rank 734] k_value: 14
[Rank 735] k_value: 14
[Rank 736] k_value: 14
[Rank 737] k_value: 14
[Rank 738] k_value: 14
[Rank 739] k_value: 14
[Rank 740] k_value: 14
[Rank 741] k_value: 14
[Rank 742] k_value: 14
[Rank 743] k_value: 14
[Rank 744] k_value: 14
[Rank 745] k_value: 14
[Rank 746] k_value: 14
[Rank 747] k_value: 14
[Rank 748] k_value: 14
[Rank 749] k_value: 14
[Rank 750] k_value: 14
[Rank 751] k_value: 14
[Rank 752] k_value: 14
[Rank 753] k_value: 14
[Rank 754] k_value: 14
[Rank 755] k_value: 14
[Rank 756] k_value: 14
[Rank 757] k_value: 14
[Rank 758] k_value: 14
[Rank 759] k_value: 14
[Rank 760] k_value: 14
[Rank 761] k_value: 14
[Rank 762] k_value: 13
[Rank 763] k_value: 13
[Rank 764] k_value: 13
[Rank 765] k_value: 13
[Rank 766] k_value: 13
[Rank 767] k_value: 13
[Rank 768] k_value: 13
[Rank 769] k_value: 13
[Rank 770] k_value: 13
[Rank 771] k_value: 13
[Rank 772] k_value: 13
[Rank 773] k_value: 13
[Rank 774] k_value: 14
[Rank 775] k_value: 14
[Rank 776] k_value: 14
[Rank 777] k_value: 14
[Rank 778] k_value: 14
[Rank 779] k_value: 14
[Rank 780] k_value: 14
[Rank 781] k_value: 14
[Rank 782] k_value: 14
[Rank 783] k_value: 14
[Rank 784] k_value: 14
[Rank 785] k_value: 14
[Rank 786] k_value: 14
[Rank 787] k_value: 14
[Rank 788] k_value: 14
[Rank 789] k_value: 14
[Rank 790] k_value: 14
[Rank 791] k_value: 14
[Rank 792] k_value: 14
[Rank 793] k_value: 14
[Rank 794] k_value: 14
[Rank 795] k_value: 14
[Rank 796] k_value: 14
[Rank 797] k_value: 14
[Rank 798] k_value: 14
[Rank 799] k_value: 14
[Rank 800] k_value: 14
[Rank 801] k_value: 14
[Rank 802] k_value: 14
[Rank 803] k_value: 14
[Rank 804] k_value: 14
[Rank 805] k_value: 14
[Rank 806] k_value: 14
[Rank 807] k_value: 14
[Rank 808] k_value: 14
[Rank 809] k_value: 14
[Rank 810] k_value: 14
[Rank 811] k_value: 14
[Rank 812] k_value: 14
[Rank 813] k_value: 14
[Rank 814] k_value: 14
[Rank 815] k_value: 14
[Rank 816] k_value: 14
[Rank 817] k_value: 14
[Rank 818] k_value: 14
[Rank 819] k_value: 14
[Rank 820] k_value: 14
[Rank 821] k_value: 14
[Rank 822] k_value: 14
[Rank 823] k_value: 14
[Rank 824] k_value: 14
[Rank 825] k_value: 14
[Rank 826] k_value: 14
[Rank 827] k_value: 14
[Rank 828] k_value: 14
[Rank 829] k_value: 14
[Rank 830] k_value: 14
[Rank 831] k_value: 14
[Rank 832] k_value: 14
[Rank 833] k_value: 14
[Rank 834] k_value: 14
[Rank 835] k_value: 14
[Rank 836] k_value: 14
[Rank 837] k_value: 14
[Rank 838] k_value: 14
[Rank 839] k_value: 14
[Rank 840] k_value: 14
[Rank 841] k_value: 14
[Rank 842] k_value: 14
[Rank 843] k_value: 14
[Rank 844] k_value: 14
[Rank 845] k_value: 14
[Rank 846] k_value: 14
[Rank 847] k_value: 14
[Rank 848] k_value: 14
[Rank 849] k_value: 14
[Rank 850] k_value: 14
[Rank 851] k_value: 14
[Rank 852] k_value: 14
[Rank 853] k_value: 14
[Rank 854] k_value: 14
[Rank 855] k_value: 14
[Rank 856] k_value: 14
[Rank 857] k_value: 14
[Rank 858] k_value: 13
[Rank 859] k_value: 13
[Rank 860] k_value: 13
[Rank 861] k_value: 13
[Rank 862] k_value: 13
[Rank 863] k_value: 13
[Rank 864] k_value: 13
[Rank 865] k_value: 13
[Rank 866] k_value: 13
[Rank 867] k_value: 13
[Rank 868] k_value: 13
[Rank 869] k_value: 13
[Rank 870] k_value: 14
[Rank 871] k_value: 14
[Rank 872] k_value: 14
[Rank 873] k_value: 14
[Rank 874] k_value: 14
[Rank 875] k_value: 14
[Rank 876] k_value: 14
[Rank 877] k_value: 14
[Rank 878] k_value: 14
[Rank 879] k_value: 14
[Rank 880] k_value: 14
[Rank 881] k_value: 14
[Rank 882] k_value: 14
[Rank 883] k_value: 14
[Rank 884] k_value: 14
[Rank 885] k_value: 14
[Rank 886] k_value: 14
[Rank 887] k_value: 14
[Rank 888] k_value: 14
[Rank 889] k_value: 14
[Rank 890] k_value: 14
[Rank 891] k_value: 14
[Rank 892] k_value: 14
[Rank 893] k_value: 14
[Rank 894] k_value: 14
[Rank 895] k_value: 14
[Rank 896] k_value: 14
[Rank 897] k_value: 14
[Rank 898] k_value: 14
[Rank 899] k_value: 14
[Rank 900] k_value: 14
[Rank 901] k_value: 14
[Rank 902] k_value: 14
[Rank 903] k_value: 14
[Rank 904] k_value: 14
[Rank 905] k_value: 14
[Rank 906] k_value: 14
[Rank 907] k_value: 14
[Rank 908] k_value: 14
[Rank 909] k_value: 14
[Rank 910] k_value: 14
[Rank 911] k_value: 14
[Rank 912] k_value: 14
[Rank 913] k_value: 14
[Rank 914] k_value: 14
[Rank 915] k_value: 14
[Rank 916] k_value: 14
[Rank 917] k_value: 14
[Rank 918] k_value: 14
[Rank 919] k_value: 14
[Rank 920] k_value: 14
[Rank 921] k_value: 14
[Rank 922] k_value: 14
[Rank 923] k_value: 14
[Rank 924] k_value: 14
[Rank 925] k_value: 14
[Rank 926] k_value: 14
[Rank 927] k_value: 14
[Rank 928] k_value: 14
[Rank 929] k_value: 14
[Rank 930] k_value: 14
[Rank 931] k_value: 14
[Rank 932] k_value: 14
[Rank 933] k_value: 14
[Rank 934] k_value: 14
[Rank 935] k_value: 14
[Rank 936] k_value: 14
[Rank 937] k_value: 14
[Rank 938] k_value: 14
[Rank 939] k_value: 14
[Rank 940] k_value: 14
[Rank 941] k_value: 14
[Rank 942] k_value: 14
[Rank 943] k_value: 14
[Rank 944] k_value: 14
[Rank 945] k_value: 14
[Rank 946] k_value: 14
[Rank 947] k_value: 14
[Rank 948] k_value: 14
[Rank 949] k_value: 14
[Rank 950] k_value: 14
[Rank 951] k_value: 14
[Rank 952] k_value: 14
[Rank 953] k_value: 14
[Rank 954] k_value: 13
[Rank 955] k_value: 13
[Rank 956] k_value: 13
[Rank 957] k_value: 13
[Rank 958] k_value: 13
[Rank 959] k_value: 13
[Rank 960] k_value: 13
[Rank 961] k_value: 13
[Rank 962] k_value: 13
[Rank 963] k_value: 13
[Rank 964] k_value: 13
[Rank 965] k_value: 13
[Rank 966] k_value: 14
[Rank 967] k_value: 14
[Rank 968] k_value: 14
[Rank 969] k_value: 14
[Rank 970] k_value: 14
[Rank 971] k_value: 14
[Rank 972] k_value: 14
[Rank 973] k_value: 14
[Rank 974] k_value: 14
[Rank 975] k_value: 14
[Rank 976] k_value: 14
[Rank 977] k_value: 14
[Rank 978] k_value: 14
[Rank 979] k_value: 14
[Rank 980] k_value: 14
[Rank 981] k_value: 14
[Rank 982] k_value: 14
[Rank 983] k_value: 14
[Rank 984] k_value: 14
[Rank 985] k_value: 14
[Rank 986] k_value: 14
[Rank 987] k_value: 14
[Rank 988] k_value: 14
[Rank 989] k_value: 14
[Rank 990] k_value: 10
[Rank 991] k_value: 10
[Rank 992] k_value: 10
[Rank 993] k_value: 10
[Rank 994] k_value: 10
[Rank 995] k_value: 10
[Rank 996] k_value: 8
[Rank 997] k_value: 8
[Rank 998] k_value: 8
[Rank 999] k_value: 8
[Rank 1000] k_value: 8
[Rank 1001] k_value: 8
[Rank 1002] k_value: 8
[Rank 1003] k_value: 8
[Rank 1004] k_value: 8
[Rank 1005] k_value: 8
[Rank 1006] k_value: 8
[Rank 1007] k_value: 8
[Rank 1008] k_value: 8
[Rank 1009] k_value: 8
[Rank 1010] k_value: 8
[Rank 1011] k_value: 8
[Rank 1012] k_value: 8
[Rank 1013] k_value: 8
[Rank 1014] k_value: 8
[Rank 1015] k_value: 8
[Rank 1016] k_value: 8
[Rank 1017] k_value: 8
[Rank 1018] k_value: 8
[Rank 1019] k_value: 8
[Rank 1020] k_value: 5
[Rank 1021] k_value: 5
[Rank 1022] k_value: 5
[Rank 1023] k_value: 5
