[Rank 0] k_value: 7
[Rank 1] k_value: 7
[Rank 2] k_value: 7
[Rank 3] k_value: 7
[Rank 4] k_value: 7
[Rank 5] k_value: 7
[Rank 6] k_value: 12
[Rank 7] k_value: 12
[Rank 8] k_value: 12
[Rank 9] k_value: 12
[Rank 10] k_value: 12
[Rank 11] k_value: 12
[Rank 12] k_value: 14
[Rank 13] k_value: 14
[Rank 14] k_value: 14
[Rank 15] k_value: 14
[Rank 16] k_value: 14
[Rank 17] k_value: 14
[Rank 18] k_value: 13
[Rank 19] k_value: 13
[Rank 20] k_value: 13
[Rank 21] k_value: 13
[Rank 22] k_value: 13
[Rank 23] k_value: 13
[Rank 24] k_value: 13
[Rank 25] k_value: 13
[Rank 26] k_value: 13
[Rank 27] k_value: 13
[Rank 28] k_value: 13
[Rank 29] k_value: 13
[Rank 30] k_value: 14
[Rank 31] k_value: 14
[Rank 32] k_value: 14
[Rank 33] k_value: 14
[Rank 34] k_value: 14
[Rank 35] k_value: 14
[Rank 36] k_value: 14
[Rank 37] k_value: 14
[Rank 38] k_value: 14
[Rank 39] k_value: 14
[Rank 40] k_value: 14
[Rank 41] k_value: 14
[Rank 42] k_value: 13
[Rank 43] k_value: 13
[Rank 44] k_value: 13
[Rank 45] k_value: 13
[Rank 46] k_value: 13
[Rank 47] k_value: 13
[Rank 48] k_value: 13
[Rank 49] k_value: 13
[Rank 50] k_value: 13
[Rank 51] k_value: 13
[Rank 52] k_value: 13
[Rank 53] k_value: 13
[Rank 54] k_value: 14
[Rank 55] k_value: 14
[Rank 56] k_value: 14
[Rank 57] k_value: 14
[Rank 58] k_value: 14
[Rank 59] k_value: 14
[Rank 60] k_value: 14
[Rank 61] k_value: 14
[Rank 62] k_value: 14
[Rank 63] k_value: 14
[Rank 64] k_value: 14
[Rank 65] k_value: 14
[Rank 66] k_value: 13
[Rank 67] k_value: 13
[Rank 68] k_value: 13
[Rank 69] k_value: 13
[Rank 70] k_value: 13
[Rank 71] k_value: 13
[Rank 72] k_value: 13
[Rank 73] k_value: 13
[Rank 74] k_value: 13
[Rank 75] k_value: 13
[Rank 76] k_value: 13
[Rank 77] k_value: 13
[Rank 78] k_value: 14
[Rank 79] k_value: 14
[Rank 80] k_value: 14
[Rank 81] k_value: 14
[Rank 82] k_value: 14
[Rank 83] k_value: 14
[Rank 84] k_value: 14
[Rank 85] k_value: 14
[Rank 86] k_value: 14
[Rank 87] k_value: 14
[Rank 88] k_value: 14
[Rank 89] k_value: 14
[Rank 90] k_value: 13
[Rank 91] k_value: 13
[Rank 92] k_value: 13
[Rank 93] k_value: 13
[Rank 94] k_value: 13
[Rank 95] k_value: 13
[Rank 96] k_value: 13
[Rank 97] k_value: 13
[Rank 98] k_value: 13
[Rank 99] k_value: 13
[Rank 100] k_value: 13
[Rank 101] k_value: 13
[Rank 102] k_value: 14
[Rank 103] k_value: 14
[Rank 104] k_value: 14
[Rank 105] k_value: 14
[Rank 106] k_value: 14
[Rank 107] k_value: 14
[Rank 108] k_value: 14
[Rank 109] k_value: 14
[Rank 110] k_value: 14
[Rank 111] k_value: 14
[Rank 112] k_value: 14
[Rank 113] k_value: 14
[Rank 114] k_value: 13
[Rank 115] k_value: 13
[Rank 116] k_value: 13
[Rank 117] k_value: 13
[Rank 118] k_value: 13
[Rank 119] k_value: 13
[Rank 120] k_value: 7
[Rank 121] k_value: 7
[Rank 122] k_value: 7
[Rank 123] k_value: 7
[Rank 124] k_value: 7
[Rank 125] k_value: 7
[Rank 126] k_value: 3
[Rank 127] k_value: 3
