[Rank 0] k_value: 7
[Rank 1] k_value: 7
[Rank 2] k_value: 7
[Rank 3] k_value: 7
[Rank 4] k_value: 7
[Rank 5] k_value: 7
[Rank 6] k_value: 8
[Rank 7] k_value: 8
[Rank 8] k_value: 8
[Rank 9] k_value: 8
[Rank 10] k_value: 8
[Rank 11] k_value: 8
[Rank 12] k_value: 10
[Rank 13] k_value: 10
[Rank 14] k_value: 10
[Rank 15] k_value: 10
[Rank 16] k_value: 10
[Rank 17] k_value: 10
[Rank 18] k_value: 14
[Rank 19] k_value: 14
[Rank 20] k_value: 14
[Rank 21] k_value: 14
[Rank 22] k_value: 14
[Rank 23] k_value: 14
[Rank 24] k_value: 14
[Rank 25] k_value: 14
[Rank 26] k_value: 14
[Rank 27] k_value: 14
[Rank 28] k_value: 14
[Rank 29] k_value: 14
[Rank 30] k_value: 14
[Rank 31] k_value: 14
[Rank 32] k_value: 14
[Rank 33] k_value: 14
[Rank 34] k_value: 14
[Rank 35] k_value: 14
[Rank 36] k_value: 14
[Rank 37] k_value: 14
[Rank 38] k_value: 14
[Rank 39] k_value: 14
[Rank 40] k_value: 14
[Rank 41] k_value: 14
[Rank 42] k_value: 13
[Rank 43] k_value: 13
[Rank 44] k_value: 13
[Rank 45] k_value: 13
[Rank 46] k_value: 13
[Rank 47] k_value: 13
[Rank 48] k_value: 13
[Rank 49] k_value: 13
[Rank 50] k_value: 13
[Rank 51] k_value: 13
[Rank 52] k_value: 13
[Rank 53] k_value: 13
[Rank 54] k_value: 14
[Rank 55] k_value: 14
[Rank 56] k_value: 14
[Rank 57] k_value: 14
[Rank 58] k_value: 14
[Rank 59] k_value: 14
[Rank 60] k_value: 14
[Rank 61] k_value: 14
[Rank 62] k_value: 14
[Rank 63] k_value: 14
[Rank 64] k_value: 14
[Rank 65] k_value: 14
[Rank 66] k_value: 14
[Rank 67] k_value: 14
[Rank 68] k_value: 14
[Rank 69] k_value: 14
[Rank 70] k_value: 14
[Rank 71] k_value: 14
[Rank 72] k_value: 14
[Rank 73] k_value: 14
[Rank 74] k_value: 14
[Rank 75] k_value: 14
[Rank 76] k_value: 14
[Rank 77] k_value: 14
[Rank 78] k_value: 14
[Rank 79] k_value: 14
[Rank 80] k_value: 14
[Rank 81] k_value: 14
[Rank 82] k_value: 14
[Rank 83] k_value: 14
[Rank 84] k_value: 14
[Rank 85] k_value: 14
[Rank 86] k_value: 14
[Rank 87] k_value: 14
[Rank 88] k_value: 14
[Rank 89] k_value: 14
[Rank 90] k_value: 13
[Rank 91] k_value: 13
[Rank 92] k_value: 13
[Rank 93] k_value: 13
[Rank 94] k_value: 13
[Rank 95] k_value: 13
[Rank 96] k_value: 13
[Rank 97] k_value: 13
[Rank 98] k_value: 13
[Rank 99] k_value: 13
[Rank 100] k_value: 13
[Rank 101] k_value: 13
[Rank 102] k_value: 14
[Rank 103] k_value: 14
[Rank 104] k_value: 14
[Rank 105] k_value: 14
[Rank 106] k_value: 14
[Rank 107] k_value: 14
[Rank 108] k_value: 14
[Rank 109] k_value: 14
[Rank 110] k_value: 14
[Rank 111] k_value: 14
[Rank 112] k_value: 14
[Rank 113] k_value: 14
[Rank 114] k_value: 14
[Rank 115] k_value: 14
[Rank 116] k_value: 14
[Rank 117] k_value: 14
[Rank 118] k_value: 14
[Rank 119] k_value: 14
[Rank 120] k_value: 14
[Rank 121] k_value: 14
[Rank 122] k_value: 14
[Rank 123] k_value: 14
[Rank 124] k_value: 14
[Rank 125] k_value: 14
[Rank 126] k_value: 14
[Rank 127] k_value: 14
[Rank 128] k_value: 14
[Rank 129] k_value: 14
[Rank 130] k_value: 14
[Rank 131] k_value: 14
[Rank 132] k_value: 14
[Rank 133] k_value: 14
[Rank 134] k_value: 14
[Rank 135] k_value: 14
[Rank 136] k_value: 14
[Rank 137] k_value: 14
[Rank 138] k_value: 13
[Rank 139] k_value: 13
[Rank 140] k_value: 13
[Rank 141] k_value: 13
[Rank 142] k_value: 13
[Rank 143] k_value: 13
[Rank 144] k_value: 13
[Rank 145] k_value: 13
[Rank 146] k_value: 13
[Rank 147] k_value: 13
[Rank 148] k_value: 13
[Rank 149] k_value: 13
[Rank 150] k_value: 14
[Rank 151] k_value: 14
[Rank 152] k_value: 14
[Rank 153] k_value: 14
[Rank 154] k_value: 14
[Rank 155] k_value: 14
[Rank 156] k_value: 14
[Rank 157] k_value: 14
[Rank 158] k_value: 14
[Rank 159] k_value: 14
[Rank 160] k_value: 14
[Rank 161] k_value: 14
[Rank 162] k_value: 14
[Rank 163] k_value: 14
[Rank 164] k_value: 14
[Rank 165] k_value: 14
[Rank 166] k_value: 14
[Rank 167] k_value: 14
[Rank 168] k_value: 14
[Rank 169] k_value: 14
[Rank 170] k_value: 14
[Rank 171] k_value: 14
[Rank 172] k_value: 14
[Rank 173] k_value: 14
[Rank 174] k_value: 14
[Rank 175] k_value: 14
[Rank 176] k_value: 14
[Rank 177] k_value: 14
[Rank 178] k_value: 14
[Rank 179] k_value: 14
[Rank 180] k_value: 14
[Rank 181] k_value: 14
[Rank 182] k_value: 14
[Rank 183] k_value: 14
[Rank 184] k_value: 14
[Rank 185] k_value: 14
[Rank 186] k_value: 13
[Rank 187] k_value: 13
[Rank 188] k_value: 13
[Rank 189] k_value: 13
[Rank 190] k_value: 13
[Rank 191] k_value: 13
[Rank 192] k_value: 13
[Rank 193] k_value: 13
[Rank 194] k_value: 13
[Rank 195] k_value: 13
[Rank 196] k_value: 13
[Rank 197] k_value: 13
[Rank 198] k_value: 14
[Rank 199] k_value: 14
[Rank 200] k_value: 14
[Rank 201] k_value: 14
[Rank 202] k_value: 14
[Rank 203] k_value: 14
[Rank 204] k_value: 14
[Rank 205] k_value: 14
[Rank 206] k_value: 14
[Rank 207] k_value: 14
[Rank 208] k_value: 14
[Rank 209] k_value: 14
[Rank 210] k_value: 14
[Rank 211] k_value: 14
[Rank 212] k_value: 14
[Rank 213] k_value: 14
[Rank 214] k_value: 14
[Rank 215] k_value: 14
[Rank 216] k_value: 14
[Rank 217] k_value: 14
[Rank 218] k_value: 14
[Rank 219] k_value: 14
[Rank 220] k_value: 14
[Rank 221] k_value: 14
[Rank 222] k_value: 14
[Rank 223] k_value: 14
[Rank 224] k_value: 14
[Rank 225] k_value: 14
[Rank 226] k_value: 14
[Rank 227] k_value: 14
[Rank 228] k_value: 14
[Rank 229] k_value: 14
[Rank 230] k_value: 14
[Rank 231] k_value: 14
[Rank 232] k_value: 14
[Rank 233] k_value: 14
[Rank 234] k_value: 13
[Rank 235] k_value: 13
[Rank 236] k_value: 13
[Rank 237] k_value: 13
[Rank 238] k_value: 13
[Rank 239] k_value: 13
[Rank 240] k_value: 7
[Rank 241] k_value: 7
[Rank 242] k_value: 7
[Rank 243] k_value: 7
[Rank 244] k_value: 7
[Rank 245] k_value: 7
[Rank 246] k_value: 8
[Rank 247] k_value: 8
[Rank 248] k_value: 8
[Rank 249] k_value: 8
[Rank 250] k_value: 8
[Rank 251] k_value: 8
[Rank 252] k_value: 5
[Rank 253] k_value: 5
[Rank 254] k_value: 5
[Rank 255] k_value: 5
