[Rank 0] k_value: 5
[Rank 1] k_value: 5
[Rank 2] k_value: 5
[Rank 3] k_value: 5
[Rank 4] k_value: 5
[Rank 5] k_value: 5
[Rank 6] k_value: 9
[Rank 7] k_value: 9
[Rank 8] k_value: 9
[Rank 9] k_value: 9
[Rank 10] k_value: 9
[Rank 11] k_value: 9
[Rank 12] k_value: 9
[Rank 13] k_value: 9
[Rank 14] k_value: 9
[Rank 15] k_value: 9
[Rank 16] k_value: 9
[Rank 17] k_value: 9
[Rank 18] k_value: 9
[Rank 19] k_value: 9
[Rank 20] k_value: 9
[Rank 21] k_value: 9
[Rank 22] k_value: 9
[Rank 23] k_value: 9
[Rank 24] k_value: 7
[Rank 25] k_value: 7
[Rank 26] k_value: 7
[Rank 27] k_value: 7
[Rank 28] k_value: 7
[Rank 29] k_value: 7
[Rank 30] k_value: 3
[Rank 31] k_value: 3
