[Rank 0] k_value: 7
[Rank 1] k_value: 7
[Rank 2] k_value: 7
[Rank 3] k_value: 7
[Rank 4] k_value: 7
[Rank 5] k_value: 7
[Rank 6] k_value: 8
[Rank 7] k_value: 8
[Rank 8] k_value: 8
[Rank 9] k_value: 8
[Rank 10] k_value: 8
[Rank 11] k_value: 8
[Rank 12] k_value: 10
[Rank 13] k_value: 10
[Rank 14] k_value: 10
[Rank 15] k_value: 10
[Rank 16] k_value: 10
[Rank 17] k_value: 10
[Rank 18] k_value: 14
[Rank 19] k_value: 14
[Rank 20] k_value: 14
[Rank 21] k_value: 14
[Rank 22] k_value: 14
[Rank 23] k_value: 14
[Rank 24] k_value: 14
[Rank 25] k_value: 14
[Rank 26] k_value: 14
[Rank 27] k_value: 14
[Rank 28] k_value: 14
[Rank 29] k_value: 14
[Rank 30] k_value: 14
[Rank 31] k_value: 14
[Rank 32] k_value: 14
[Rank 33] k_value: 14
[Rank 34] k_value: 14
[Rank 35] k_value: 14
[Rank 36] k_value: 14
[Rank 37] k_value: 14
[Rank 38] k_value: 14
[Rank 39] k_value: 14
[Rank 40] k_value: 14
[Rank 41] k_value: 14
[Rank 42] k_value: 13
[Rank 43] k_value: 13
[Rank 44] k_value: 13
[Rank 45] k_value: 13
[Rank 46] k_value: 13
[Rank 47] k_value: 13
[Rank 48] k_value: 13
[Rank 49] k_value: 13
[Rank 50] k_value: 13
[Rank 51] k_value: 13
[Rank 52] k_value: 13
[Rank 53] k_value: 13
[Rank 54] k_value: 14
[Rank 55] k_value: 14
[Rank 56] k_value: 14
[Rank 57] k_value: 14
[Rank 58] k_value: 14
[Rank 59] k_value: 14
[Rank 60] k_value: 14
[Rank 61] k_value: 14
[Rank 62] k_value: 14
[Rank 63] k_value: 14
[Rank 64] k_value: 14
[Rank 65] k_value: 14
[Rank 66] k_value: 14
[Rank 67] k_value: 14
[Rank 68] k_value: 14
[Rank 69] k_value: 14
[Rank 70] k_value: 14
[Rank 71] k_value: 14
[Rank 72] k_value: 14
[Rank 73] k_value: 14
[Rank 74] k_value: 14
[Rank 75] k_value: 14
[Rank 76] k_value: 14
[Rank 77] k_value: 14
[Rank 78] k_value: 14
[Rank 79] k_value: 14
[Rank 80] k_value: 14
[Rank 81] k_value: 14
[Rank 82] k_value: 14
[Rank 83] k_value: 14
[Rank 84] k_value: 14
[Rank 85] k_value: 14
[Rank 86] k_value: 14
[Rank 87] k_value: 14
[Rank 88] k_value: 14
[Rank 89] k_value: 14
[Rank 90] k_value: 13
[Rank 91] k_value: 13
[Rank 92] k_value: 13
[Rank 93] k_value: 13
[Rank 94] k_value: 13
[Rank 95] k_value: 13
[Rank 96] k_value: 13
[Rank 97] k_value: 13
[Rank 98] k_value: 13
[Rank 99] k_value: 13
[Rank 100] k_value: 13
[Rank 101] k_value: 13
[Rank 102] k_value: 14
[Rank 103] k_value: 14
[Rank 104] k_value: 14
[Rank 105] k_value: 14
[Rank 106] k_value: 14
[Rank 107] k_value: 14
[Rank 108] k_value: 14
[Rank 109] k_value: 14
[Rank 110] k_value: 14
[Rank 111] k_value: 14
[Rank 112] k_value: 14
[Rank 113] k_value: 14
[Rank 114] k_value: 14
[Rank 115] k_value: 14
[Rank 116] k_value: 14
[Rank 117] k_value: 14
[Rank 118] k_value: 14
[Rank 119] k_value: 14
[Rank 120] k_value: 14
[Rank 121] k_value: 14
[Rank 122] k_value: 14
[Rank 123] k_value: 14
[Rank 124] k_value: 14
[Rank 125] k_value: 14
[Rank 126] k_value: 14
[Rank 127] k_value: 14
[Rank 128] k_value: 14
[Rank 129] k_value: 14
[Rank 130] k_value: 14
[Rank 131] k_value: 14
[Rank 132] k_value: 14
[Rank 133] k_value: 14
[Rank 134] k_value: 14
[Rank 135] k_value: 14
[Rank 136] k_value: 14
[Rank 137] k_value: 14
[Rank 138] k_value: 13
[Rank 139] k_value: 13
[Rank 140] k_value: 13
[Rank 141] k_value: 13
[Rank 142] k_value: 13
[Rank 143] k_value: 13
[Rank 144] k_value: 13
[Rank 145] k_value: 13
[Rank 146] k_value: 13
[Rank 147] k_value: 13
[Rank 148] k_value: 13
[Rank 149] k_value: 13
[Rank 150] k_value: 14
[Rank 151] k_value: 14
[Rank 152] k_value: 14
[Rank 153] k_value: 14
[Rank 154] k_value: 14
[Rank 155] k_value: 14
[Rank 156] k_value: 14
[Rank 157] k_value: 14
[Rank 158] k_value: 14
[Rank 159] k_value: 14
[Rank 160] k_value: 14
[Rank 161] k_value: 14
[Rank 162] k_value: 14
[Rank 163] k_value: 14
[Rank 164] k_value: 14
[Rank 165] k_value: 14
[Rank 166] k_value: 14
[Rank 167] k_value: 14
[Rank 168] k_value: 14
[Rank 169] k_value: 14
[Rank 170] k_value: 14
[Rank 171] k_value: 14
[Rank 172] k_value: 14
[Rank 173] k_value: 14
[Rank 174] k_value: 14
[Rank 175] k_value: 14
[Rank 176] k_value: 14
[Rank 177] k_value: 14
[Rank 178] k_value: 14
[Rank 179] k_value: 14
[Rank 180] k_value: 14
[Rank 181] k_value: 14
[Rank 182] k_value: 14
[Rank 183] k_value: 14
[Rank 184] k_value: 14
[Rank 185] k_value: 14
[Rank 186] k_value: 13
[Rank 187] k_value: 13
[Rank 188] k_value: 13
[Rank 189] k_value: 13
[Rank 190] k_value: 13
[Rank 191] k_value: 13
[Rank 192] k_value: 13
[Rank 193] k_value: 13
[Rank 194] k_value: 13
[Rank 195] k_value: 13
[Rank 196] k_value: 13
[Rank 197] k_value: 13
[Rank 198] k_value: 14
[Rank 199] k_value: 14
[Rank 200] k_value: 14
[Rank 201] k_value: 14
[Rank 202] k_value: 14
[Rank 203] k_value: 14
[Rank 204] k_value: 14
[Rank 205] k_value: 14
[Rank 206] k_value: 14
[Rank 207] k_value: 14
[Rank 208] k_value: 14
[Rank 209] k_value: 14
[Rank 210] k_value: 14
[Rank 211] k_value: 14
[Rank 212] k_value: 14
[Rank 213] k_value: 14
[Rank 214] k_value: 14
[Rank 215] k_value: 14
[Rank 216] k_value: 14
[Rank 217] k_value: 14
[Rank 218] k_value: 14
[Rank 219] k_value: 14
[Rank 220] k_value: 14
[Rank 221] k_value: 14
[Rank 222] k_value: 14
[Rank 223] k_value: 14
[Rank 224] k_value: 14
[Rank 225] k_value: 14
[Rank 226] k_value: 14
[Rank 227] k_value: 14
[Rank 228] k_value: 14
[Rank 229] k_value: 14
[Rank 230] k_value: 14
[Rank 231] k_value: 14
[Rank 232] k_value: 14
[Rank 233] k_value: 14
[Rank 234] k_value: 13
[Rank 235] k_value: 13
[Rank 236] k_value: 13
[Rank 237] k_value: 13
[Rank 238] k_value: 13
[Rank 239] k_value: 13
[Rank 240] k_value: 13
[Rank 241] k_value: 13
[Rank 242] k_value: 13
[Rank 243] k_value: 13
[Rank 244] k_value: 13
[Rank 245] k_value: 13
[Rank 246] k_value: 14
[Rank 247] k_value: 14
[Rank 248] k_value: 14
[Rank 249] k_value: 14
[Rank 250] k_value: 14
[Rank 251] k_value: 14
[Rank 252] k_value: 14
[Rank 253] k_value: 14
[Rank 254] k_value: 14
[Rank 255] k_value: 14
[Rank 256] k_value: 14
[Rank 257] k_value: 14
[Rank 258] k_value: 14
[Rank 259] k_value: 14
[Rank 260] k_value: 14
[Rank 261] k_value: 14
[Rank 262] k_value: 14
[Rank 263] k_value: 14
[Rank 264] k_value: 14
[Rank 265] k_value: 14
[Rank 266] k_value: 14
[Rank 267] k_value: 14
[Rank 268] k_value: 14
[Rank 269] k_value: 14
[Rank 270] k_value: 14
[Rank 271] k_value: 14
[Rank 272] k_value: 14
[Rank 273] k_value: 14
[Rank 274] k_value: 14
[Rank 275] k_value: 14
[Rank 276] k_value: 14
[Rank 277] k_value: 14
[Rank 278] k_value: 14
[Rank 279] k_value: 14
[Rank 280] k_value: 14
[Rank 281] k_value: 14
[Rank 282] k_value: 13
[Rank 283] k_value: 13
[Rank 284] k_value: 13
[Rank 285] k_value: 13
[Rank 286] k_value: 13
[Rank 287] k_value: 13
[Rank 288] k_value: 13
[Rank 289] k_value: 13
[Rank 290] k_value: 13
[Rank 291] k_value: 13
[Rank 292] k_value: 13
[Rank 293] k_value: 13
[Rank 294] k_value: 14
[Rank 295] k_value: 14
[Rank 296] k_value: 14
[Rank 297] k_value: 14
[Rank 298] k_value: 14
[Rank 299] k_value: 14
[Rank 300] k_value: 14
[Rank 301] k_value: 14
[Rank 302] k_value: 14
[Rank 303] k_value: 14
[Rank 304] k_value: 14
[Rank 305] k_value: 14
[Rank 306] k_value: 14
[Rank 307] k_value: 14
[Rank 308] k_value: 14
[Rank 309] k_value: 14
[Rank 310] k_value: 14
[Rank 311] k_value: 14
[Rank 312] k_value: 14
[Rank 313] k_value: 14
[Rank 314] k_value: 14
[Rank 315] k_value: 14
[Rank 316] k_value: 14
[Rank 317] k_value: 14
[Rank 318] k_value: 14
[Rank 319] k_value: 14
[Rank 320] k_value: 14
[Rank 321] k_value: 14
[Rank 322] k_value: 14
[Rank 323] k_value: 14
[Rank 324] k_value: 14
[Rank 325] k_value: 14
[Rank 326] k_value: 14
[Rank 327] k_value: 14
[Rank 328] k_value: 14
[Rank 329] k_value: 14
[Rank 330] k_value: 13
[Rank 331] k_value: 13
[Rank 332] k_value: 13
[Rank 333] k_value: 13
[Rank 334] k_value: 13
[Rank 335] k_value: 13
[Rank 336] k_value: 13
[Rank 337] k_value: 13
[Rank 338] k_value: 13
[Rank 339] k_value: 13
[Rank 340] k_value: 13
[Rank 341] k_value: 13
[Rank 342] k_value: 14
[Rank 343] k_value: 14
[Rank 344] k_value: 14
[Rank 345] k_value: 14
[Rank 346] k_value: 14
[Rank 347] k_value: 14
[Rank 348] k_value: 14
[Rank 349] k_value: 14
[Rank 350] k_value: 14
[Rank 351] k_value: 14
[Rank 352] k_value: 14
[Rank 353] k_value: 14
[Rank 354] k_value: 14
[Rank 355] k_value: 14
[Rank 356] k_value: 14
[Rank 357] k_value: 14
[Rank 358] k_value: 14
[Rank 359] k_value: 14
[Rank 360] k_value: 14
[Rank 361] k_value: 14
[Rank 362] k_value: 14
[Rank 363] k_value: 14
[Rank 364] k_value: 14
[Rank 365] k_value: 14
[Rank 366] k_value: 14
[Rank 367] k_value: 14
[Rank 368] k_value: 14
[Rank 369] k_value: 14
[Rank 370] k_value: 14
[Rank 371] k_value: 14
[Rank 372] k_value: 14
[Rank 373] k_value: 14
[Rank 374] k_value: 14
[Rank 375] k_value: 14
[Rank 376] k_value: 14
[Rank 377] k_value: 14
[Rank 378] k_value: 13
[Rank 379] k_value: 13
[Rank 380] k_value: 13
[Rank 381] k_value: 13
[Rank 382] k_value: 13
[Rank 383] k_value: 13
[Rank 384] k_value: 13
[Rank 385] k_value: 13
[Rank 386] k_value: 13
[Rank 387] k_value: 13
[Rank 388] k_value: 13
[Rank 389] k_value: 13
[Rank 390] k_value: 14
[Rank 391] k_value: 14
[Rank 392] k_value: 14
[Rank 393] k_value: 14
[Rank 394] k_value: 14
[Rank 395] k_value: 14
[Rank 396] k_value: 14
[Rank 397] k_value: 14
[Rank 398] k_value: 14
[Rank 399] k_value: 14
[Rank 400] k_value: 14
[Rank 401] k_value: 14
[Rank 402] k_value: 14
[Rank 403] k_value: 14
[Rank 404] k_value: 14
[Rank 405] k_value: 14
[Rank 406] k_value: 14
[Rank 407] k_value: 14
[Rank 408] k_value: 14
[Rank 409] k_value: 14
[Rank 410] k_value: 14
[Rank 411] k_value: 14
[Rank 412] k_value: 14
[Rank 413] k_value: 14
[Rank 414] k_value: 14
[Rank 415] k_value: 14
[Rank 416] k_value: 14
[Rank 417] k_value: 14
[Rank 418] k_value: 14
[Rank 419] k_value: 14
[Rank 420] k_value: 14
[Rank 421] k_value: 14
[Rank 422] k_value: 14
[Rank 423] k_value: 14
[Rank 424] k_value: 14
[Rank 425] k_value: 14
[Rank 426] k_value: 13
[Rank 427] k_value: 13
[Rank 428] k_value: 13
[Rank 429] k_value: 13
[Rank 430] k_value: 13
[Rank 431] k_value: 13
[Rank 432] k_value: 13
[Rank 433] k_value: 13
[Rank 434] k_value: 13
[Rank 435] k_value: 13
[Rank 436] k_value: 13
[Rank 437] k_value: 13
[Rank 438] k_value: 14
[Rank 439] k_value: 14
[Rank 440] k_value: 14
[Rank 441] k_value: 14
[Rank 442] k_value: 14
[Rank 443] k_value: 14
[Rank 444] k_value: 14
[Rank 445] k_value: 14
[Rank 446] k_value: 14
[Rank 447] k_value: 14
[Rank 448] k_value: 14
[Rank 449] k_value: 14
[Rank 450] k_value: 14
[Rank 451] k_value: 14
[Rank 452] k_value: 14
[Rank 453] k_value: 14
[Rank 454] k_value: 14
[Rank 455] k_value: 14
[Rank 456] k_value: 14
[Rank 457] k_value: 14
[Rank 458] k_value: 14
[Rank 459] k_value: 14
[Rank 460] k_value: 14
[Rank 461] k_value: 14
[Rank 462] k_value: 14
[Rank 463] k_value: 14
[Rank 464] k_value: 14
[Rank 465] k_value: 14
[Rank 466] k_value: 14
[Rank 467] k_value: 14
[Rank 468] k_value: 14
[Rank 469] k_value: 14
[Rank 470] k_value: 14
[Rank 471] k_value: 14
[Rank 472] k_value: 14
[Rank 473] k_value: 14
[Rank 474] k_value: 13
[Rank 475] k_value: 13
[Rank 476] k_value: 13
[Rank 477] k_value: 13
[Rank 478] k_value: 13
[Rank 479] k_value: 13
[Rank 480] k_value: 13
[Rank 481] k_value: 13
[Rank 482] k_value: 13
[Rank 483] k_value: 13
[Rank 484] k_value: 13
[Rank 485] k_value: 13
[Rank 486] k_value: 14
[Rank 487] k_value: 14
[Rank 488] k_value: 14
[Rank 489] k_value: 14
[Rank 490] k_value: 14
[Rank 491] k_value: 14
[Rank 492] k_value: 12
[Rank 493] k_value: 12
[Rank 494] k_value: 12
[Rank 495] k_value: 12
[Rank 496] k_value: 12
[Rank 497] k_value: 12
[Rank 498] k_value: 8
[Rank 499] k_value: 8
[Rank 500] k_value: 8
[Rank 501] k_value: 8
[Rank 502] k_value: 8
[Rank 503] k_value: 8
[Rank 504] k_value: 8
[Rank 505] k_value: 8
[Rank 506] k_value: 8
[Rank 507] k_value: 8
[Rank 508] k_value: 8
[Rank 509] k_value: 8
[Rank 510] k_value: 3
[Rank 511] k_value: 3
