[Rank 0] k_value: 7
[Rank 1] k_value: 7
[Rank 2] k_value: 7
[Rank 3] k_value: 7
[Rank 4] k_value: 7
[Rank 5] k_value: 7
[Rank 6] k_value: 12
[Rank 7] k_value: 12
[Rank 8] k_value: 12
[Rank 9] k_value: 12
[Rank 10] k_value: 12
[Rank 11] k_value: 12
[Rank 12] k_value: 14
[Rank 13] k_value: 14
[Rank 14] k_value: 14
[Rank 15] k_value: 14
[Rank 16] k_value: 14
[Rank 17] k_value: 14
[Rank 18] k_value: 13
[Rank 19] k_value: 13
[Rank 20] k_value: 13
[Rank 21] k_value: 13
[Rank 22] k_value: 13
[Rank 23] k_value: 13
[Rank 24] k_value: 13
[Rank 25] k_value: 13
[Rank 26] k_value: 13
[Rank 27] k_value: 13
[Rank 28] k_value: 13
[Rank 29] k_value: 13
[Rank 30] k_value: 14
[Rank 31] k_value: 14
[Rank 32] k_value: 14
[Rank 33] k_value: 14
[Rank 34] k_value: 14
[Rank 35] k_value: 14
[Rank 36] k_value: 14
[Rank 37] k_value: 14
[Rank 38] k_value: 14
[Rank 39] k_value: 14
[Rank 40] k_value: 14
[Rank 41] k_value: 14
[Rank 42] k_value: 13
[Rank 43] k_value: 13
[Rank 44] k_value: 13
[Rank 45] k_value: 13
[Rank 46] k_value: 13
[Rank 47] k_value: 13
[Rank 48] k_value: 13
[Rank 49] k_value: 13
[Rank 50] k_value: 13
[Rank 51] k_value: 13
[Rank 52] k_value: 13
[Rank 53] k_value: 13
[Rank 54] k_value: 10
[Rank 55] k_value: 10
[Rank 56] k_value: 10
[Rank 57] k_value: 10
[Rank 58] k_value: 10
[Rank 59] k_value: 10
[Rank 60] k_value: 5
[Rank 61] k_value: 5
[Rank 62] k_value: 5
[Rank 63] k_value: 5
